0 info it worked if it ends with ok
1 verbose cli [ 'node', '/usr/local/bin/npm', 'install', 'docs-snippets' ]
2 info using npm@1.4.9
3 info using node@v0.10.28
4 warn package.json apigeepersistenceapi@0.0.0 No description
5 warn package.json apigeepersistenceapi@0.0.0 No repository field.
6 warn package.json apigeepersistenceapi@0.0.0 No README data
7 verbose readDependencies using package.json deps
8 verbose cache add [ 'docs-snippets', null ]
9 verbose cache add name=undefined spec="docs-snippets" args=["docs-snippets",null]
10 verbose parsed url { protocol: null,
10 verbose parsed url   slashes: null,
10 verbose parsed url   auth: null,
10 verbose parsed url   host: null,
10 verbose parsed url   port: null,
10 verbose parsed url   hostname: null,
10 verbose parsed url   hash: null,
10 verbose parsed url   search: null,
10 verbose parsed url   query: null,
10 verbose parsed url   pathname: 'docs-snippets',
10 verbose parsed url   path: 'docs-snippets',
10 verbose parsed url   href: 'docs-snippets' }
11 silly lockFile b874fef1-docs-snippets docs-snippets
12 verbose lock docs-snippets /Users/stevenchin/.npm/b874fef1-docs-snippets.lock
13 silly lockFile b874fef1-docs-snippets docs-snippets
14 silly lockFile b874fef1-docs-snippets docs-snippets
15 verbose addNamed [ 'docs-snippets', '' ]
16 verbose addNamed [ null, '*' ]
17 silly lockFile b26de004-docs-snippets docs-snippets@
18 verbose lock docs-snippets@ /Users/stevenchin/.npm/b26de004-docs-snippets.lock
19 silly addNameRange { name: 'docs-snippets', range: '*', hasData: false }
20 verbose url raw docs-snippets
21 verbose url resolving [ 'https://registry.npmjs.org/', './docs-snippets' ]
22 verbose url resolved https://registry.npmjs.org/docs-snippets
23 info trying registry request attempt 1 at 17:02:14
24 http GET https://registry.npmjs.org/docs-snippets
25 http 404 https://registry.npmjs.org/docs-snippets
26 verbose headers { date: 'Sat, 19 Jul 2014 21:02:16 GMT',
26 verbose headers   server: 'CouchDB/1.5.0 (Erlang OTP/R16B03)',
26 verbose headers   'content-type': 'application/json',
26 verbose headers   'cache-control': 'max-age=0',
26 verbose headers   'content-length': '52',
26 verbose headers   'accept-ranges': 'bytes',
26 verbose headers   via: '1.1 varnish',
26 verbose headers   age: '0',
26 verbose headers   'x-served-by': 'cache-jfk1021-JFK',
26 verbose headers   'x-cache': 'MISS',
26 verbose headers   'x-cache-hits': '0',
26 verbose headers   'x-timer': 'S1405803736.198103,VS0,VE23',
26 verbose headers   'keep-alive': 'timeout=10, max=50',
26 verbose headers   connection: 'Keep-Alive' }
27 silly registry.get cb [ 404,
27 silly registry.get   { date: 'Sat, 19 Jul 2014 21:02:16 GMT',
27 silly registry.get     server: 'CouchDB/1.5.0 (Erlang OTP/R16B03)',
27 silly registry.get     'content-type': 'application/json',
27 silly registry.get     'cache-control': 'max-age=0',
27 silly registry.get     'content-length': '52',
27 silly registry.get     'accept-ranges': 'bytes',
27 silly registry.get     via: '1.1 varnish',
27 silly registry.get     age: '0',
27 silly registry.get     'x-served-by': 'cache-jfk1021-JFK',
27 silly registry.get     'x-cache': 'MISS',
27 silly registry.get     'x-cache-hits': '0',
27 silly registry.get     'x-timer': 'S1405803736.198103,VS0,VE23',
27 silly registry.get     'keep-alive': 'timeout=10, max=50',
27 silly registry.get     connection: 'Keep-Alive' } ]
28 silly lockFile b26de004-docs-snippets docs-snippets@
29 silly lockFile b26de004-docs-snippets docs-snippets@
30 error 404 404 Not Found: docs-snippets
30 error 404
30 error 404 'docs-snippets' is not in the npm registry.
30 error 404 You should bug the author to publish it
30 error 404 It was specified as a dependency of 'apigeepersistenceapi'
30 error 404
30 error 404 Note that you can also install from a
30 error 404 tarball, folder, or http url, or git url.
31 error System Darwin 13.3.0
32 error command "node" "/usr/local/bin/npm" "install" "docs-snippets"
33 error cwd /Users/stevenchin/Desktop/apigee-persistence-api
34 error node -v v0.10.28
35 error npm -v 1.4.9
36 error code E404
37 verbose exit [ 1, true ]
